<?xml version="1.0" encoding="UTF-8"?>
<!-- Generated by org.testng.reporters.JUnitReportReporter -->
<testsuite skipped="0" hostname="IZDT-211" name="com.r1v2.frontend.modules.CampaignPage" tests="1" failures="0" timestamp="06 Aug 2018 07:07:40 GMT" time="9.634" errors="0">
  <testcase name="testPG_1" time="9.634" classname="com.r1v2.frontend.modules.CampaignPage"/>
</testsuite> <!-- com.r1v2.frontend.modules.CampaignPage -->
