<?xml version="1.0" encoding="UTF-8"?>
<!-- Generated by org.testng.reporters.JUnitReportReporter -->
<testsuite skipped="0" hostname="IZDT-211" name="com.r1v2.frontend.modules.ContentPage" tests="1" failures="0" timestamp="06 Aug 2018 07:01:51 GMT" time="5.216" errors="0">
  <testcase name="testPG_1" time="5.216" classname="com.r1v2.frontend.modules.ContentPage"/>
</testsuite> <!-- com.r1v2.frontend.modules.ContentPage -->
