<?xml version="1.0" encoding="UTF-8"?>
<!-- Generated by org.testng.reporters.JUnitReportReporter -->
<testsuite skipped="0" hostname="IZDT-211" name="com.r1v2.reporting.test.PagesSceanrios" tests="2" failures="0" timestamp="11 Jul 2018 10:05:09 GMT" time="4.079" errors="0">
  <testcase name="testRD_2_3" time="3.890" classname="com.r1v2.reporting.test.PagesSceanrios"/>
  <testcase name="testRD_2_1" time="0.189" classname="com.r1v2.reporting.test.PagesSceanrios"/>
</testsuite> <!-- com.r1v2.reporting.test.PagesSceanrios -->
