<?xml version="1.0" encoding="UTF-8"?>
<!-- Generated by org.testng.reporters.JUnitReportReporter -->
<testsuite skipped="0" hostname="IZDT-211" name="com.r1v2.reporting.test.Sceanrios2Pages" tests="2" failures="0" timestamp="11 Jul 2018 10:47:31 GMT" time="3.883" errors="0">
  <testcase name="testRD_2_3" time="3.706" classname="com.r1v2.reporting.test.Sceanrios2Pages"/>
  <testcase name="testRD_2_1" time="0.177" classname="com.r1v2.reporting.test.Sceanrios2Pages"/>
</testsuite> <!-- com.r1v2.reporting.test.Sceanrios2Pages -->
