<?xml version="1.0" encoding="UTF-8"?>
<!-- Generated by org.testng.reporters.JUnitReportReporter -->
<testsuite skipped="0" hostname="IZDT-211" name="com.r1v2.reporting.test.Scenario2Dlr" tests="9" failures="0" timestamp="30 Jul 2018 05:21:31 GMT" time="138.914" errors="0">
  <testcase name="testPG_1" time="37.060" classname="com.r1v2.reporting.test.Scenario2Dlr"/>
  <testcase name="testPG_2" time="40.969" classname="com.r1v2.reporting.test.Scenario2Dlr"/>
  <testcase name="testPG_3" time="4.945" classname="com.r1v2.reporting.test.Scenario2Dlr"/>
  <testcase name="testPG_4" time="2.329" classname="com.r1v2.reporting.test.Scenario2Dlr"/>
  <testcase name="testPG_5" time="5.985" classname="com.r1v2.reporting.test.Scenario2Dlr"/>
  <testcase name="testPG_6" time="6.831" classname="com.r1v2.reporting.test.Scenario2Dlr"/>
  <testcase name="testPG_10" time="39.507" classname="com.r1v2.reporting.test.Scenario2Dlr"/>
  <testcase name="testPG_11" time="0.894" classname="com.r1v2.reporting.test.Scenario2Dlr"/>
  <testcase name="testPG_12" time="0.394" classname="com.r1v2.reporting.test.Scenario2Dlr"/>
</testsuite> <!-- com.r1v2.reporting.test.Scenario2Dlr -->
