<?xml version="1.0" encoding="UTF-8"?>
<!-- Generated by org.testng.reporters.JUnitReportReporter -->
<testsuite skipped="0" hostname="IZDT-211" name="com.r1v2.frontend.modules.ContnetPage" tests="3" failures="0" timestamp="01 Aug 2018 07:18:50 GMT" time="18.612" errors="0">
  <testcase name="login" time="18.430" classname="com.r1v2.frontend.modules.ContnetPage"/>
  <testcase name="testVerifySpecificRecord" time="0.176" classname="com.r1v2.frontend.modules.ContnetPage"/>
  <testcase name="tesVerifyListOfRecords" time="0.006" classname="com.r1v2.frontend.modules.ContnetPage"/>
</testsuite> <!-- com.r1v2.frontend.modules.ContnetPage -->
