<?xml version="1.0" encoding="UTF-8"?>
<!-- Generated by org.testng.reporters.JUnitReportReporter -->
<testsuite skipped="0" hostname="IZDT-211" name="com.r1v2.frontend.pagebuilder.module.CampaignPage" tests="3" failures="0" timestamp="31 Aug 2018 11:11:52 GMT" time="5.518" errors="0">
  <testcase name="testCPG_1" time="4.548" classname="com.r1v2.frontend.pagebuilder.module.CampaignPage"/>
  <testcase name="testCPG_2" time="0.544" classname="com.r1v2.frontend.pagebuilder.module.CampaignPage"/>
  <testcase name="testCPG_3" time="0.426" classname="com.r1v2.frontend.pagebuilder.module.CampaignPage"/>
</testsuite> <!-- com.r1v2.frontend.pagebuilder.module.CampaignPage -->
