<?xml version="1.0" encoding="UTF-8"?>
<!-- Generated by org.testng.reporters.JUnitReportReporter -->
<testsuite skipped="0" hostname="IZDT-211" name="com.r1v2.backend.modules.Scenario1Login" tests="10" failures="0" timestamp="02 Aug 2018 05:22:36 GMT" time="12.999" errors="0">
  <testcase name="testSC_1" time="1.512" classname="com.r1v2.backend.modules.Scenario1Login"/>
  <testcase name="testSC_2" time="1.246" classname="com.r1v2.backend.modules.Scenario1Login"/>
  <testcase name="testSC_3" time="0.689" classname="com.r1v2.backend.modules.Scenario1Login"/>
  <testcase name="testSC_4" time="0.668" classname="com.r1v2.backend.modules.Scenario1Login"/>
  <testcase name="testSC_5" time="0.760" classname="com.r1v2.backend.modules.Scenario1Login"/>
  <testcase name="testSC_6" time="0.895" classname="com.r1v2.backend.modules.Scenario1Login"/>
  <testcase name="testSC_7" time="0.984" classname="com.r1v2.backend.modules.Scenario1Login"/>
  <testcase name="testSC_8" time="0.103" classname="com.r1v2.backend.modules.Scenario1Login"/>
  <testcase name="testSC_9" time="5.715" classname="com.r1v2.backend.modules.Scenario1Login"/>
  <testcase name="testPG_10" time="0.427" classname="com.r1v2.backend.modules.Scenario1Login"/>
</testsuite> <!-- com.r1v2.backend.modules.Scenario1Login -->
