<?xml version="1.0" encoding="UTF-8"?>
<!-- Generated by org.testng.reporters.JUnitReportReporter -->
<testsuite skipped="0" hostname="IZDT-211" name="com.r1v2.cleanup.user.data.CleanupData" tests="1" failures="0" timestamp="31 Aug 2018 04:11:58 GMT" time="1.747" errors="0">
  <testcase name="pageBuilderModule" time="1.747" classname="com.r1v2.cleanup.user.data.CleanupData"/>
</testsuite> <!-- com.r1v2.cleanup.user.data.CleanupData -->
