<?xml version="1.0" encoding="UTF-8"?>
<!-- Generated by org.testng.reporters.JUnitReportReporter -->
<testsuite skipped="0" hostname="IZDT-211" name="com.r1v2.cleanup.user.data.Clean" tests="1" failures="0" timestamp="30 Aug 2018 07:51:13 GMT" time="0.244" errors="0">
  <testcase name="pageBuilderModule" time="0.244" classname="com.r1v2.cleanup.user.data.Clean"/>
</testsuite> <!-- com.r1v2.cleanup.user.data.Clean -->
