<?xml version="1.0" encoding="UTF-8"?>
<!-- Generated by org.testng.reporters.JUnitReportReporter -->
<testsuite skipped="0" hostname="IZDT-211" name="com.r1v2.frontend.pagebuilder.module.SpecialPage" tests="3" failures="0" timestamp="31 Aug 2018 11:11:52 GMT" time="6.394" errors="0">
  <testcase name="testSPG_1" time="5.440" classname="com.r1v2.frontend.pagebuilder.module.SpecialPage"/>
  <testcase name="testSPG_2" time="0.560" classname="com.r1v2.frontend.pagebuilder.module.SpecialPage"/>
  <testcase name="testSPG_3" time="0.394" classname="com.r1v2.frontend.pagebuilder.module.SpecialPage"/>
</testsuite> <!-- com.r1v2.frontend.pagebuilder.module.SpecialPage -->
