<?xml version="1.0" encoding="UTF-8"?>
<!-- Generated by org.testng.reporters.JUnitReportReporter -->
<testsuite skipped="0" hostname="IZDT-211" name="com.r1v2.reporting.test.Scenario2Pages" tests="4" failures="0" timestamp="12 Jul 2018 03:25:46 GMT" time="11.012" errors="0">
  <testcase name="testRD_2_3" time="5.487" classname="com.r1v2.reporting.test.Scenario2Pages"/>
  <testcase name="testRD_2_5" time="0.091" classname="com.r1v2.reporting.test.Scenario2Pages"/>
  <testcase name="testRD_2_4" time="3.499" classname="com.r1v2.reporting.test.Scenario2Pages"/>
  <testcase name="testRD_2_1" time="1.935" classname="com.r1v2.reporting.test.Scenario2Pages"/>
</testsuite> <!-- com.r1v2.reporting.test.Scenario2Pages -->
