<?xml version="1.0" encoding="UTF-8"?>
<!-- Generated by org.testng.reporters.JUnitReportReporter -->
<testsuite skipped="0" hostname="IZDT-211" name="com.r1v2.backend.modules.ScenarioContentPage" tests="7" failures="0" timestamp="06 Aug 2018 06:58:36 GMT" time="23.619" errors="0">
  <testcase name="testPG_1" time="0.169" classname="com.r1v2.backend.modules.ScenarioContentPage"/>
  <testcase name="testPG_2" time="17.854" classname="com.r1v2.backend.modules.ScenarioContentPage"/>
  <testcase name="testPG_3" time="0.185" classname="com.r1v2.backend.modules.ScenarioContentPage"/>
  <testcase name="testPG_4" time="1.149" classname="com.r1v2.backend.modules.ScenarioContentPage"/>
  <testcase name="testPG_5" time="1.119" classname="com.r1v2.backend.modules.ScenarioContentPage"/>
  <testcase name="testPG_6" time="2.451" classname="com.r1v2.backend.modules.ScenarioContentPage"/>
  <testcase name="testPG_7" time="0.692" classname="com.r1v2.backend.modules.ScenarioContentPage"/>
</testsuite> <!-- com.r1v2.backend.modules.ScenarioContentPage -->
