<?xml version="1.0" encoding="UTF-8"?>
<!-- Generated by org.testng.reporters.JUnitReportReporter -->
<testsuite skipped="0" hostname="IZDT-236" name="com.r1v2.backend.leaddetailsreport.module.ScenarioLeadTypes" tests="3" failures="0" timestamp="16 Nov 2018 12:14:28 GMT" time="15.371" errors="1">
  <testcase name="testLR" time="0.167" classname="com.r1v2.backend.leaddetailsreport.module.ScenarioLeadTypes"/>
  <testcase name="testLR_1" time="4.011" classname="com.r1v2.backend.leaddetailsreport.module.ScenarioLeadTypes"/>
  <testcase name="testLR_9" time="11.193" classname="com.r1v2.backend.leaddetailsreport.module.ScenarioLeadTypes">
    <error type="java.lang.NullPointerException">
      <![CDATA[java.lang.NullPointerException
at com.core.util.LocatorHandler.getLocatorType(LocatorHandler.java:33)
at com.core.util.LocatorHandler.autoLocator(LocatorHandler.java:60)
at com.r1v2.common.PageBase.genericGetWebElement(PageBase.java:148)
at com.r1v2.common.PageBase.returnWebElement(PageBase.java:82)
at com.r1v2.common.PageBase.getText(PageBase.java:238)
at com.r1v2.common.PageBase.verifyExpectedText(PageBase.java:346)
at com.qa.sc.pageobjects.SCLeadreport.movetodeleted(SCLeadreport.java:148)
at com.r1v2.backend.leaddetailsreport.module.ScenarioLeadTypes.testLR_9(ScenarioLeadTypes.java:138)
at sun.reflect.NativeMethodAccessorImpl.invoke0(Native Method)
at sun.reflect.NativeMethodAccessorImpl.invoke(Unknown Source)
at sun.reflect.DelegatingMethodAccessorImpl.invoke(Unknown Source)
at java.lang.reflect.Method.invoke(Unknown Source)
at org.testng.internal.MethodInvocationHelper.invokeMethod(MethodInvocationHelper.java:124)
at org.testng.internal.Invoker.invokeMethod(Invoker.java:583)
at org.testng.internal.Invoker.invokeTestMethod(Invoker.java:719)
at org.testng.internal.Invoker.invokeTestMethods(Invoker.java:989)
at org.testng.internal.TestMethodWorker.invokeTestMethods(TestMethodWorker.java:125)
at org.testng.internal.TestMethodWorker.run(TestMethodWorker.java:109)
at org.testng.TestRunner.privateRun(TestRunner.java:648)
at org.testng.TestRunner.run(TestRunner.java:505)
at org.testng.SuiteRunner.runTest(SuiteRunner.java:455)
at org.testng.SuiteRunner.runSequentially(SuiteRunner.java:450)
at org.testng.SuiteRunner.privateRun(SuiteRunner.java:415)
at org.testng.SuiteRunner.run(SuiteRunner.java:364)
at org.testng.SuiteRunnerWorker.runSuite(SuiteRunnerWorker.java:52)
at org.testng.SuiteRunnerWorker.run(SuiteRunnerWorker.java:84)
at org.testng.TestNG.runSuitesSequentially(TestNG.java:1208)
at org.testng.TestNG.runSuitesLocally(TestNG.java:1137)
at org.testng.TestNG.runSuites(TestNG.java:1049)
at org.testng.TestNG.run(TestNG.java:1017)
at org.testng.remote.AbstractRemoteTestNG.run(AbstractRemoteTestNG.java:114)
at org.testng.remote.RemoteTestNG.initAndRun(RemoteTestNG.java:251)
at org.testng.remote.RemoteTestNG.main(RemoteTestNG.java:77)
]]>
    </error>
  </testcase> <!-- testLR_9 -->
</testsuite> <!-- com.r1v2.backend.leaddetailsreport.module.ScenarioLeadTypes -->
