<?xml version="1.0" encoding="UTF-8"?>
<!-- Generated by org.testng.reporters.JUnitReportReporter -->
<testsuite skipped="0" hostname="IZDT-236" name="com.r1v2.backend.pagebuilder.module.ScenarioLogin" tests="1" failures="0" timestamp="31 Oct 2018 04:53:52 GMT" time="0.336" errors="0">
  <testcase name="testSC_1" time="0.336" classname="com.r1v2.backend.pagebuilder.module.ScenarioLogin"/>
</testsuite> <!-- com.r1v2.backend.pagebuilder.module.ScenarioLogin -->
