<?xml version="1.0" encoding="UTF-8"?>
<!-- Generated by org.testng.reporters.JUnitReportReporter -->
<testsuite skipped="0" hostname="IZDT-211" name="com.r1v2.frontend.pagebuilder.module.ContentPage" tests="3" failures="0" timestamp="31 Aug 2018 11:11:52 GMT" time="8.537" errors="0">
  <testcase name="testCOPG_1" time="5.683" classname="com.r1v2.frontend.pagebuilder.module.ContentPage"/>
  <testcase name="testCOPG_2" time="0.471" classname="com.r1v2.frontend.pagebuilder.module.ContentPage"/>
  <testcase name="testCOPG_3" time="2.383" classname="com.r1v2.frontend.pagebuilder.module.ContentPage"/>
</testsuite> <!-- com.r1v2.frontend.pagebuilder.module.ContentPage -->
