<?xml version="1.0" encoding="UTF-8"?>
<!-- Generated by org.testng.reporters.JUnitReportReporter -->
<testsuite skipped="1" hostname="IZDT-211" name="com.r1v2.backend.pagebuilder.module.ScenarioSpecialPage" tests="7" failures="0" timestamp="31 Aug 2018 11:11:52 GMT" time="17.465" errors="0">
  <testcase name="testPG_1" time="3.735" classname="com.r1v2.backend.pagebuilder.module.ScenarioSpecialPage"/>
  <testcase name="testPG_2" time="0.299" classname="com.r1v2.backend.pagebuilder.module.ScenarioSpecialPage"/>
  <testcase name="testPG_3" time="0.978" classname="com.r1v2.backend.pagebuilder.module.ScenarioSpecialPage"/>
  <testcase name="testPG_4" time="0.121" classname="com.r1v2.backend.pagebuilder.module.ScenarioSpecialPage"/>
  <testcase name="testPG_5" time="0.044" classname="com.r1v2.backend.pagebuilder.module.ScenarioSpecialPage">
    <skipped/>
  </testcase> <!-- testPG_5 -->
  <testcase name="testPG_6" time="11.877" classname="com.r1v2.backend.pagebuilder.module.ScenarioSpecialPage"/>
  <testcase name="testPG_7" time="0.411" classname="com.r1v2.backend.pagebuilder.module.ScenarioSpecialPage"/>
</testsuite> <!-- com.r1v2.backend.pagebuilder.module.ScenarioSpecialPage -->
