<?xml version="1.0" encoding="UTF-8"?>
<!-- Generated by org.testng.reporters.JUnitReportReporter -->
<testsuite skipped="0" hostname="IZDT-211" name="com.r1v2.backend.modules.ScenarioCamapignPage" tests="8" failures="0" timestamp="06 Aug 2018 07:06:41 GMT" time="15.310" errors="0">
  <testcase name="testPG_1" time="6.373" classname="com.r1v2.backend.modules.ScenarioCamapignPage"/>
  <testcase name="testPG_2" time="0.512" classname="com.r1v2.backend.modules.ScenarioCamapignPage"/>
  <testcase name="testPG_3" time="0.859" classname="com.r1v2.backend.modules.ScenarioCamapignPage"/>
  <testcase name="testPG_4" time="0.282" classname="com.r1v2.backend.modules.ScenarioCamapignPage"/>
  <testcase name="testPG_5" time="0.622" classname="com.r1v2.backend.modules.ScenarioCamapignPage"/>
  <testcase name="testPG_6" time="0.815" classname="com.r1v2.backend.modules.ScenarioCamapignPage"/>
  <testcase name="testPG_7" time="5.270" classname="com.r1v2.backend.modules.ScenarioCamapignPage"/>
  <testcase name="testPG_8" time="0.577" classname="com.r1v2.backend.modules.ScenarioCamapignPage"/>
</testsuite> <!-- com.r1v2.backend.modules.ScenarioCamapignPage -->
