<?xml version="1.0" encoding="UTF-8"?>
<!-- Generated by org.testng.reporters.JUnitReportReporter -->
<testsuite skipped="0" hostname="IZDT-236" name="com.r1v2.backend.leaddetailsreport.module.ScenarioLeadTypestestlevel" tests="2" failures="0" timestamp="16 Nov 2018 11:33:58 GMT" time="16050.078" errors="0">
  <testcase name="testPG_1" time="0.235" classname="com.r1v2.backend.leaddetailsreport.module.ScenarioLeadTypestestlevel"/>
  <testcase name="testLR_1" time="16049.843" classname="com.r1v2.backend.leaddetailsreport.module.ScenarioLeadTypestestlevel"/>
</testsuite> <!-- com.r1v2.backend.leaddetailsreport.module.ScenarioLeadTypestestlevel -->
