<?xml version="1.0" encoding="UTF-8"?>
<!-- Generated by org.testng.reporters.JUnitReportReporter -->
<testsuite skipped="1" hostname="IZDT-211" name="com.r1v2.reporting.test.ScenarioCamapignPage" tests="7" failures="0" timestamp="30 Jul 2018 06:49:25 GMT" time="14.331" errors="0">
  <testcase name="testPG_1" time="11.594" classname="com.r1v2.reporting.test.ScenarioCamapignPage"/>
  <testcase name="testPG_2" time="0.510" classname="com.r1v2.reporting.test.ScenarioCamapignPage"/>
  <testcase name="testPG_3" time="1.045" classname="com.r1v2.reporting.test.ScenarioCamapignPage"/>
  <testcase name="testPG_4" time="0.296" classname="com.r1v2.reporting.test.ScenarioCamapignPage"/>
  <testcase name="testPG_5" time="0.827" classname="com.r1v2.reporting.test.ScenarioCamapignPage"/>
  <testcase name="testPG_6" time="0.002" classname="com.r1v2.reporting.test.ScenarioCamapignPage">
    <skipped/>
  </testcase> <!-- testPG_6 -->
  <testcase name="testPG_7" time="0.057" classname="com.r1v2.reporting.test.ScenarioCamapignPage"/>
</testsuite> <!-- com.r1v2.reporting.test.ScenarioCamapignPage -->
