<?xml version="1.0" encoding="UTF-8"?>
<!-- Generated by org.testng.reporters.JUnitReportReporter -->
<testsuite skipped="0" hostname="IZDT-211" name="com.r1v2.backend.modules.ScenarioSpecialPage" tests="7" failures="0" timestamp="02 Aug 2018 05:22:36 GMT" time="10.786" errors="0">
  <testcase name="testPG_1" time="7.329" classname="com.r1v2.backend.modules.ScenarioSpecialPage"/>
  <testcase name="testPG_10" time="0.443" classname="com.r1v2.backend.modules.ScenarioSpecialPage"/>
  <testcase name="testPG_11" time="0.847" classname="com.r1v2.backend.modules.ScenarioSpecialPage"/>
  <testcase name="testPG_12" time="0.260" classname="com.r1v2.backend.modules.ScenarioSpecialPage"/>
  <testcase name="testPG_5" time="0.560" classname="com.r1v2.backend.modules.ScenarioSpecialPage"/>
  <testcase name="testPG_6" time="0.747" classname="com.r1v2.backend.modules.ScenarioSpecialPage"/>
  <testcase name="testPG_7" time="0.600" classname="com.r1v2.backend.modules.ScenarioSpecialPage"/>
</testsuite> <!-- com.r1v2.backend.modules.ScenarioSpecialPage -->
